[SinricPro]: Connected
ets Jul 29 2019 12:21:46

rst:0x1 (POWERON_RESET),boot:0x13 (SPI_FAST_FLASH_BOOT)
configsip: 0, SPIWP:0xee
clk_drv:0x00,q_drv:0x00,d_drv:0x00,cs0_drv:0x00,hd_drv:0x00,wp_drv:0x00
mode:DIO, clock div:1
load:0x3fff0030,len:1344
load:0x40078000,len:13964
load:0x40080400,len:3600
entry 0x400805f0
1000
[WiFi]: Connecting to S23.connected
[  2005][E][ssl_client.cpp:129] start_ssl_client(): socket error on fd 49, errno: 113, "Software caused connection abort"
[  2018][E][WiFiClientSecure.cpp:144] connect(): start_ssl_client: -1
E (4298) wifi:sta is connecting, return error
[  2041][E][WiFiSTA.cpp:278] begin(): connect failed!
[WiFi]: Connecting to S23..........ets Jul 29 2019 12:21:46

rst:0xc (SW_CPU_RESET),boot:0x13 (SPI_FAST_FLASH_BOOT)
configsip: 0, SPIWP:0xee
clk_drv:0x00,q_drv:0x00,d_drv:0x00,cs0_drv:0x00,hd_drv:0x00,wp_drv:0x00
mode:DIO, clock div:1
load:0x3fff0030,len:1344
load:0x40078000,len:13964
load:0x40080400,len:3600
entry 0x400805f0
1000
[WiFi]: Connecting to S23..........ets Jul 29 2019 12:21:46

rst:0xc (SW_CPU_RESET),boot:0x13 (SPI_FAST_FLASH_BOOT)
configsip: 0, SPIWP:0xee
clk_drv:0x00,q_drv:0x00,d_drv:0x00,cs0_drv:0x00,hd_drv:0x00,wp_drv:0x00
mode:DIO, clock div:1
load:0x3fff0030,len:1344
load:0x40078000,len:13964
load:0x40080400,len:3600
entry 0x400805f0
1000
[WiFi]: Connecting to S23..........ets Jul 29 2019 12:21:46

rst:0xc (SW_CPU_RESET),boot:0x13 (SPI_FAST_FLASH_BOOT)
configsip: 0, SPIWP:0xee
clk_drv:0x00,q_drv:0x00,d_drv:0x00,cs0_drv:0x00,hd_drv:0x00,wp_drv:0x00
mode:DIO, clock div:1
load:0x3fff0030,len:1344
load:0x40078000,len:13964
load:0x40080400,len:3600
entry 0x400805f0
1000
[WiFi]: Connecting to S23.connected
[SinricPro]: Connected
Passou 10 segundos
Bomba Desligada
Passou 1 segundos
Bomba Ligada
Passou 10 segundos
Bomba Desligada
[Device: 670b10bfdeddece34bacadd6]: Powerstate changed to off
Passou 1 segundos
Bomba Ligada
Passou 10 segundos
Bomba Desligada
[Device: 670b10bfdeddece34bacadd6]: Powerstate changed to off
Passou 1 segundos
Bomba Ligada
Passou 10 segundos
Bomba Desligada
Passou 1 segundos
Bomba Ligada
[242290][E][ssl_client.cpp:37] _handle_error(): [data_to_read():361]: (-80) UNKNOWN ERROR CODE (0050)
[SinricPro]: Disconnected
[SinricPro]: Connected
Passou 10 segundos
Bomba Desligada
[253003][E][ssl_client.cpp:37] _handle_error(): [data_to_read():361]: (-80) UNKNOWN ERROR CODE (0050)
[SinricPro]: Disconnected
[SinricPro]: Connected
Passou 1 segundos
Bomba Ligada
Passou 10 segundos
Bomba Desligada
[Device: 670b10bfdeddece34bacadd6]: Powerstate changed to off
Passou 1 segundos
Bomba Ligada
Passou 10 segundos
Bomba Desligada
[Device: 670b10bfdeddece34bacadd6]: Powerstate changed to off
Passou 1 segundos
Bomba Ligada
Passou 10 segundos
Bomba Desligada
[Device: 670b10bfdeddece34bacadd6]: Powerstate changed to off
Passou 1 segundos
Bomba Ligada
Passou 10 segundos
Bomba Desligada
[Device: 670b10bfdeddece34bacadd6]: Powerstate changed to off
Passou 1 segundos
Bomba Ligada
Passou 10 segundos
Bomba Desligada
[Device: 670b10bfdeddece34bacadd6]: Powerstate changed to off
Passou 1 segundos
Bomba Ligada
Passou 10 segundos
Bomba Desligada
[Device: 670b10bfdeddece34bacadd6]: Powerstate changed to off
Passou 1 segundos
Bomba Ligada
Passou 10 segundos
Bomba Desligada
[Device: 670b10bfdeddece34bacadd6]: Powerstate changed to off
Passou 1 segundos
Bomba Ligada
Passou 10 segundos
Bomba Desligada
[Device: 670b10bfdeddece34bacadd6]: Powerstate changed to off
Passou 1 segundos
Bomba Ligada
Passou 10 segundos
Bomba Desligada
[Device: 670b10bfdeddece34bacadd6]: Powerstate changed to off
Passou 1 segundos
Bomba Ligada
Passou 10 segundos
Bomba Desligada
[Device: 670b10bfdeddece34bacadd6]: Powerstate changed to off
Passou 1 segundos
Bomba Ligada
Passou 10 segundos
Bomba Desligada
[Device: 670b10bfdeddece34bacadd6]: Powerstate changed to off
Passou 1 segundos
Bomba Ligada
Passou 10 segundos
Bomba Desligada
[Device: 670b10bfdeddece34bacadd6]: Powerstate changed to off
Passou 1 segundos
Bomba Ligada
Passou 10 segundos
Bomba Desligada
[Device: 670b10bfdeddece34bacadd6]: Powerstate changed to off
Passou 1 segundos
Bomba Ligada
Passou 10 segundos
Bomba Desligada
[Device: 670b10bfdeddece34bacadd6]: Powerstate changed to off
Passou 1 segundos
Bomba Ligada
Passou 10 segundos
Bomba Desligada
[Device: 670b10bfdeddece34bacadd6]: Powerstate changed to off
Passou 1 segundos
Bomba Ligada
Passou 10 segundos
Bomba Desligada
[Device: 670b10bfdeddece34bacadd6]: Powerstate changed to off
Passou 1 segundos
Bomba Ligada
Passou 10 segundos
Bomba Desligada
[Device: 670b10bfdeddece34bacadd6]: Powerstate changed to off
Passou 1 segundos
Bomba Ligada
Passou 10 segundos
Bomba Desligada
[Device: 670b10bfdeddece34bacadd6]: Powerstate changed to off
Passou 1 segundos
Bomba Ligada
Passou 10 segundos
Bomba Desligada
[Device: 670b10bfdeddece34bacadd6]: Powerstate changed to off
Passou 1 segundos
Bomba Ligada
Passou 10 segundos
Bomba Desligada
[Device: 670b10bfdeddece34bacadd6]: Powerstate changed to off
Passou 1 segundos
Bomba Ligada
Passou 10 segundos
Bomba Desligada
[Device: 670b10bfdeddece34bacadd6]: Powerstate changed to off
Passou 1 segundos
Bomba Ligada
Passou 10 segundos
Bomba Desligada
[Device: 670b10bfdeddece34bacadd6]: Powerstate changed to off
Passou 1 segundos
Bomba Ligada
Passou 10 segundos
Bomba Desligada
[Device: 670b10bfdeddece34bacadd6]: Powerstate changed to off
Passou 1 segundos
Bomba Ligada
Passou 10 segundos
Bomba Desligada
[Device: 670b10bfdeddece34bacadd6]: Powerstate changed to off
Passou 1 segundos
Bomba Ligada
Passou 10 segundos
Bomba Desligada
[Device: 670b10bfdeddece34bacadd6]: Powerstate changed to off
Passou 1 segundos
Bomba Ligada
Passou 10 segundos
Bomba Desligada
[Device: 670b10bfdeddece34bacadd6]: Powerstate changed to off
Passou 1 segundos
Bomba Ligada
Passou 10 segundos
Bomba Desligada
[Device: 670b10bfdeddece34bacadd6]: Powerstate changed to off
Passou 1 segundos
Bomba Ligada
Passou 10 segundos
Bomba Desligada
[Device: 670b10bfdeddece34bacadd6]: Powerstate changed to off
Passou 1 segundos
Bomba Ligada
Passou 10 segundos
Bomba Desligada
[Device: 670b10bfdeddece34bacadd6]: Powerstate changed to off
Passou 1 segundos
Bomba Ligada
Passou 10 segundos
Bomba Desligada
[Device: 670b10bfdeddece34bacadd6]: Powerstate changed to off
Passou 1 segundos
Bomba Ligada
Passou 10 segundos
Bomba Desligada
[Device: 670b10bfdeddece34bacadd6]: Powerstate changed to off
Passou 1 segundos
Bomba Ligada
Passou 10 segundos
Bomba Desligada
[Device: 670b10bfdeddece34bacadd6]: Powerstate changed to off
Passou 1 segundos
Bomba Ligada
Passou 10 segundos
Bomba Desligada
[Device: 670b10bfdeddece34bacadd6]: Powerstate changed to off
Passou 1 segundos
Bomba Ligada
Passou 10 segundos
Bomba Desligada
[Device: 670b10bfdeddece34bacadd6]: Powerstate changed to off
Passou 1 segundos
Bomba Ligada
Passou 10 segundos
Bomba Desligada
[Device: 670b10bfdeddece34bacadd6]: Powerstate changed to off
Passou 1 segundos
Bomba Ligada
Passou 10 segundos
Bomba Desligada
[Device: 670b10bfdeddece34bacadd6]: Powerstate changed to off
Passou 1 segundos
Bomba Ligada
Passou 10 segundos
Bomba Desligada
[Device: 670b10bfdeddece34bacadd6]: Powerstate changed to off
Passou 1 segundos
Bomba Ligada
Passou 10 segundos
Bomba Desligada
[Device: 670b10bfdeddece34bacadd6]: Powerstate changed to off
Passou 1 segundos
Bomba Ligada
Passou 10 segundos
Bomba Desligada
[Device: 670b10bfdeddece34bacadd6]: Powerstate changed to off
Passou 1 segundos
Bomba Ligada
Passou 10 segundos
Bomba Desligada
[Device: 670b10bfdeddece34bacadd6]: Powerstate changed to off
Passou 1 segundos
Bomba Ligada
Passou 10 segundos
Bomba Desligada
[Device: 670b10bfdeddece34bacadd6]: Powerstate changed to off
Passou 1 segundos
Bomba Ligada
Passou 10 segundos
Bomba Desligada
[Device: 670b10bfdeddece34bacadd6]: Powerstate changed to off
Passou 1 segundos
Bomba Ligada
Passou 10 segundos
Bomba Desligada
[Device: 670b10bfdeddece34bacadd6]: Powerstate changed to off
